<?xml version="1.0" encoding="UTF-8"?>
<testng-results ignored="0" total="3" passed="3" failed="0" skipped="0">
  <reporter-output>
  </reporter-output>
  <suite started-at="2021-09-05T21:28:30 IST" name="Default suite" finished-at="2021-09-05T21:30:30 IST" duration-ms="119895">
    <groups>
    </groups>
    <test started-at="2021-09-05T21:28:30 IST" name="Default test" finished-at="2021-09-05T21:30:30 IST" duration-ms="119895">
      <class name="testRun.testExecution">
        <test-method signature="pets()[pri:1, instance:testRun.testExecution@39529185]" started-at="2021-09-05T21:28:30 IST" name="pets" finished-at="2021-09-05T21:29:31 IST" duration-ms="60704" status="PASS">
          <reporter-output>
          </reporter-output>
        </test-method> <!-- pets -->
        <test-method signature="userCreation()[pri:2, instance:testRun.testExecution@39529185]" started-at="2021-09-05T21:29:31 IST" name="userCreation" finished-at="2021-09-05T21:30:06 IST" duration-ms="35220" status="PASS">
          <reporter-output>
          </reporter-output>
        </test-method> <!-- userCreation -->
        <test-method signature="ordersPlacing()[pri:3, instance:testRun.testExecution@39529185]" started-at="2021-09-05T21:30:06 IST" name="ordersPlacing" finished-at="2021-09-05T21:30:30 IST" duration-ms="23864" status="PASS">
          <reporter-output>
          </reporter-output>
        </test-method> <!-- ordersPlacing -->
      </class> <!-- testRun.testExecution -->
    </test> <!-- Default test -->
  </suite> <!-- Default suite -->
</testng-results>
