<?xml version="1.0" encoding="UTF-8"?>
<!-- Generated by org.testng.reporters.JUnitXMLReporter -->
<testsuite ignored="0" hostname="Sarvagni" failures="0" tests="3" name="Default test" time="119.895" errors="0" timestamp="2021-09-05T21:30:30 IST">
  <testcase classname="testRun.testExecution" name="pets" time="60.704"/>
  <testcase classname="testRun.testExecution" name="userCreation" time="35.22"/>
  <testcase classname="testRun.testExecution" name="ordersPlacing" time="23.864"/>
</testsuite> <!-- Default test -->
